<?xml version="1.0" encoding="UTF-8"?>
<!-- Generated by org.testng.reporters.JUnitReportReporter -->
<testsuite hostname="LAPTOP-HLF86MEM" failures="0" tests="1" name="Seleniumpac.TestNGSession" time="23.941" errors="0" timestamp="2021-11-25T17:18:20 IST" skipped="0">
  <testcase classname="Seleniumpac.TestNGSession" name="SessionTest1" time="23.941"/>
  <system-out/>
</testsuite> <!-- Seleniumpac.TestNGSession -->
